build/outputs/logs/manifest-merger-debug-report.txt
-- Merging decision tree log ---
manifest
ADDED from jaar2\2048-android\AndroidManifest.xml:2:1-23:12
INJECTED from jaar2\2048-android\AndroidManifest.xml:2:1-23:12
INJECTED from jaar2\2048-android\AndroidManifest.xml:2:1-23:12
INJECTED from jaar2\2048-android\AndroidManifest.xml:2:1-23:12
MERGED from [de.cketti.library.changelog:ckchangelog-legacy-dialog:2.0.0-SNAPSHOT] AndroidManifest.xml:2:1-11:12
MERGED from [de.cketti.library.changelog:ckchangelog-core:2.0.0-SNAPSHOT] AndroidManifest.xml:2:1-11:12
INJECTED from jaar2\2048-android\AndroidManifest.xml:2:1-23:12
INJECTED from jaar2\2048-android\AndroidManifest.xml:2:1-23:12
INJECTED from jaar2\2048-android\AndroidManifest.xml:2:1-23:12
	package
		ADDED from jaar2\2048-android\AndroidManifest.xml:3:5-33
		INJECTED from jaar2\2048-android\AndroidManifest.xml
		INJECTED from jaar2\2048-android\AndroidManifest.xml
	android:versionName
		INJECTED from jaar2\2048-android\AndroidManifest.xml
		ADDED from jaar2\2048-android\AndroidManifest.xml:2:1-23:12
		INJECTED from jaar2\2048-android\AndroidManifest.xml
	android:versionCode
		INJECTED from jaar2\2048-android\AndroidManifest.xml
		ADDED from jaar2\2048-android\AndroidManifest.xml:2:1-23:12
		INJECTED from jaar2\2048-android\AndroidManifest.xml
	xmlns:android
		ADDED from jaar2\2048-android\AndroidManifest.xml:2:11-69
application
ADDED from jaar2\2048-android\AndroidManifest.xml:5:5-21:19
MERGED from [de.cketti.library.changelog:ckchangelog-legacy-dialog:2.0.0-SNAPSHOT] AndroidManifest.xml:9:5-20
MERGED from [de.cketti.library.changelog:ckchangelog-legacy-dialog:2.0.0-SNAPSHOT] AndroidManifest.xml:9:5-20
MERGED from [de.cketti.library.changelog:ckchangelog-core:2.0.0-SNAPSHOT] AndroidManifest.xml:9:5-20
MERGED from [de.cketti.library.changelog:ckchangelog-core:2.0.0-SNAPSHOT] AndroidManifest.xml:9:5-20
	android:label
		ADDED from jaar2\2048-android\AndroidManifest.xml:8:9-41
	android:icon
		ADDED from jaar2\2048-android\AndroidManifest.xml:7:9-41
	android:allowBackup
		ADDED from jaar2\2048-android\AndroidManifest.xml:6:9-35
	android:theme
		ADDED from jaar2\2048-android\AndroidManifest.xml:9:9-40
activity#com.uberspot.a2048.MainActivity
ADDED from jaar2\2048-android\AndroidManifest.xml:10:9-20:20
	android:screenOrientation
		ADDED from jaar2\2048-android\AndroidManifest.xml:14:13-49
	android:label
		ADDED from jaar2\2048-android\AndroidManifest.xml:13:13-45
	android:configChanges
		ADDED from jaar2\2048-android\AndroidManifest.xml:12:13-74
	android:name
		ADDED from jaar2\2048-android\AndroidManifest.xml:11:13-41
intent-filter#action:name:android.intent.action.MAIN+category:name:android.intent.category.LAUNCHER
ADDED from jaar2\2048-android\AndroidManifest.xml:15:13-19:29
action#android.intent.action.MAIN
ADDED from jaar2\2048-android\AndroidManifest.xml:16:17-69
	android:name
		ADDED from jaar2\2048-android\AndroidManifest.xml:16:25-66
category#android.intent.category.LAUNCHER
ADDED from jaar2\2048-android\AndroidManifest.xml:18:17-77
	android:name
		ADDED from jaar2\2048-android\AndroidManifest.xml:18:27-74
uses-sdk
INJECTED from jaar2\2048-android\AndroidManifest.xml reason: use-sdk injection requested
INJECTED from jaar2\2048-android\AndroidManifest.xml
INJECTED from jaar2\2048-android\AndroidManifest.xml
MERGED from [de.cketti.library.changelog:ckchangelog-legacy-dialog:2.0.0-SNAPSHOT] AndroidManifest.xml:7:5-44
MERGED from [de.cketti.library.changelog:ckchangelog-legacy-dialog:2.0.0-SNAPSHOT] AndroidManifest.xml:7:5-44
MERGED from [de.cketti.library.changelog:ckchangelog-core:2.0.0-SNAPSHOT] AndroidManifest.xml:7:5-44
MERGED from [de.cketti.library.changelog:ckchangelog-core:2.0.0-SNAPSHOT] AndroidManifest.xml:7:5-44
INJECTED from jaar2\2048-android\AndroidManifest.xml
INJECTED from jaar2\2048-android\AndroidManifest.xml
	android:targetSdkVersion
		INJECTED from jaar2\2048-android\AndroidManifest.xml
		ADDED from jaar2\2048-android\AndroidManifest.xml
		INJECTED from jaar2\2048-android\AndroidManifest.xml
	android:minSdkVersion
		INJECTED from jaar2\2048-android\AndroidManifest.xml
		ADDED from jaar2\2048-android\AndroidManifest.xml
		INJECTED from jaar2\2048-android\AndroidManifest.xml